<?xml version="1.0" encoding="UTF-8"?>
<testng-results ignored="2" total="3" passed="1" failed="0" skipped="0">
  <reporter-output>
  </reporter-output>
  <suite started-at="2022-09-18T21:07:58 IST" name="Default suite" finished-at="2022-09-18T21:08:01 IST" duration-ms="3166">
    <groups>
    </groups>
    <test started-at="2022-09-18T21:07:58 IST" name="Default test" finished-at="2022-09-18T21:08:01 IST" duration-ms="3166">
      <class name="com.rest_assured_extra_concepts.Deserialization">
        <test-method signature="deserializationUsingRestAssuredJsonPath()[pri:0, instance:com.rest_assured_extra_concepts.Deserialization@67a20f67]" started-at="2022-09-18T21:07:58 IST" name="deserializationUsingRestAssuredJsonPath" finished-at="2022-09-18T21:08:01 IST" duration-ms="3109" status="PASS">
          <reporter-output>
          </reporter-output>
        </test-method> <!-- deserializationUsingRestAssuredJsonPath -->
      </class> <!-- com.rest_assured_extra_concepts.Deserialization -->
    </test> <!-- Default test -->
  </suite> <!-- Default suite -->
</testng-results>
