<?xml version="1.0" encoding="UTF-8"?>
<testng-results ignored="0" total="1" passed="1" failed="0" skipped="0">
  <reporter-output>
  </reporter-output>
  <suite started-at="2023-01-11T15:38:51 IST" name="Default suite" finished-at="2023-01-11T15:39:04 IST" duration-ms="12468">
    <groups>
    </groups>
    <test started-at="2023-01-11T15:38:51 IST" name="Default test" finished-at="2023-01-11T15:39:04 IST" duration-ms="12468">
      <class name="com.rest_assured_extra_concepts.Serialization">
        <test-method signature="serialization()[pri:0, instance:com.rest_assured_extra_concepts.Serialization@3e2e18f2]" started-at="2023-01-11T15:38:52 IST" name="serialization" finished-at="2023-01-11T15:39:04 IST" duration-ms="12365" status="PASS">
          <reporter-output>
          </reporter-output>
        </test-method> <!-- serialization -->
      </class> <!-- com.rest_assured_extra_concepts.Serialization -->
    </test> <!-- Default test -->
  </suite> <!-- Default suite -->
</testng-results>
