<?xml version="1.0" encoding="UTF-8"?>
<!-- Generated by org.testng.reporters.JUnitXMLReporter -->
<testsuite ignored="2" hostname="DESKTOP-I3V29VC" failures="0" tests="1" name="Default test" time="3.166" errors="0" timestamp="2022-09-18T21:08:01 IST">
  <testcase classname="com.rest_assured_extra_concepts.Deserialization" name="deserializationUsingRestAssuredJsonPath" time="3.109"/>
  <testcase classname="com.rest_assured_extra_concepts.Deserialization" name="deserializationUsingJsonPath" time="0.0">
    <ignored/>
  </testcase> <!-- deserializationUsingJsonPath -->
  <testcase classname="com.rest_assured_extra_concepts.Deserialization" name="deserializationUsingObjectMapper" time="0.0">
    <ignored/>
  </testcase> <!-- deserializationUsingObjectMapper -->
</testsuite> <!-- Default test -->
